2019-10-22 09:08:06,777 - root - INFO - ############################### START ###############################
2019-10-22 09:08:10,676 - root - INFO - ###############################  END  ###############################
2019-10-22 09:09:09,146 - root - INFO - ############################### START ###############################
2019-10-22 09:09:12,215 - root - INFO - SUCCESS    Navigated to https://www.baidu.com/, Spend 1.9021086692810059 seconds
2019-10-22 09:09:14,226 - root - INFO - FAIL       Unable find element linktext: <linktext->新闻>, Spend 0.008000373840332031 seconds
2019-10-22 09:09:14,232 - root - INFO - SUCCESS    Unable execute script focus element: linktext->新闻, Spend 0.014000892639160156 seconds
2019-10-22 09:09:14,246 - root - INFO - FAIL       Unable find element id: <id->su>, Spend 0.011000633239746094 seconds
2019-10-22 09:09:16,602 - root - INFO - ###############################  END  ###############################
2019-10-22 09:11:29,739 - root - INFO - ############################### START ###############################
2019-10-22 09:11:33,489 - root - INFO - ###############################  END  ###############################
2019-10-22 09:12:03,743 - root - INFO - ############################### START ###############################
2019-10-22 09:12:07,495 - root - INFO - ###############################  END  ###############################
2019-10-22 09:16:24,752 - root - INFO - ############################### START ###############################
2019-10-22 09:16:27,469 - root - INFO - SUCCESS    Navigated to https://www.baidu.com/, Spend 1.5060861110687256 seconds
2019-10-22 09:16:27,500 - root - INFO - SUCCESS    Typed element: <id->kw>, Spend 0.029001474380493164 seconds
2019-10-22 09:16:27,688 - root - INFO - SUCCESS    Typed element: <id->kw> content: 测试01, Spend 0.21701264381408691 seconds
2019-10-22 09:16:27,708 - root - INFO - SUCCESS    Typed element: <id->su>, Spend 0.019001007080078125 seconds
2019-10-22 09:16:27,831 - root - INFO - SUCCESS    Clicked element: <id->su>, Spend 0.1410081386566162 seconds
2019-10-22 09:16:32,219 - root - INFO - SUCCESS    Navigated to https://www.baidu.com/, Spend 0.3740215301513672 seconds
2019-10-22 09:16:32,242 - root - INFO - FAIL       Unable to send element: <id->w> content: 测试02, Spend 0.020000934600830078 seconds
2019-10-22 09:16:32,601 - root - INFO - SUCCESS    Navigated to https://www.baidu.com/, Spend 0.35102009773254395 seconds
2019-10-22 09:16:32,626 - root - INFO - SUCCESS    Typed element: <id->kw>, Spend 0.022001266479492188 seconds
2019-10-22 09:16:32,765 - root - INFO - SUCCESS    Typed element: <id->kw> content: 测试03, Spend 0.1610093116760254 seconds
2019-10-22 09:16:32,783 - root - INFO - SUCCESS    Typed element: <id->su>, Spend 0.016001224517822266 seconds
2019-10-22 09:16:32,893 - root - INFO - SUCCESS    Clicked element: <id->su>, Spend 0.12500715255737305 seconds
2019-10-22 09:16:35,528 - root - INFO - ###############################  END  ###############################
2019-10-22 09:16:46,822 - root - INFO - ############################### START ###############################
2019-10-22 09:16:46,841 - root - INFO - ############################### START ###############################
2019-10-22 09:16:51,812 - root - INFO - ############################### START ###############################
2019-10-22 09:16:53,106 - root - INFO - SUCCESS    Print current value: 111, Spend 0.0 seconds
2019-10-22 09:16:53,176 - root - INFO - SUCCESS    Navigated to https://www.baidu.com/, Spend 1.4420826435089111 seconds
2019-10-22 09:16:53,436 - root - INFO - SUCCESS    Typed element: <id->kw>, Spend 0.10900640487670898 seconds
2019-10-22 09:16:53,761 - root - INFO - SUCCESS    Typed element: <id->kw> content: 测试03, Spend 0.4340250492095947 seconds
2019-10-22 09:16:53,763 - root - INFO - FAIL       Unable to click element: <id-su>, Spend 0.0 seconds
2019-10-22 09:16:55,751 - root - INFO - ###############################  END  ###############################
2019-10-22 09:16:56,508 - root - INFO - ###############################  END  ###############################
2019-10-22 09:17:00,034 - root - INFO - ############################### START ###############################
2019-10-22 09:17:02,689 - root - INFO - SUCCESS    Navigated to https://www.baidu.com/, Spend 1.4630835056304932 seconds
2019-10-22 09:17:02,695 - root - INFO - FAIL       Unable to send element: <id->kw> content: 测试04, Spend 0.004000425338745117 seconds
2019-10-22 09:17:05,348 - root - INFO - ###############################  END  ###############################
2019-10-22 09:17:09,170 - root - INFO - ############################### START ###############################
2019-10-22 09:17:12,586 - root - INFO - ############################### START ###############################
2019-10-22 09:17:13,171 - root - INFO - SUCCESS    Navigated to https://www.baidu.com/, Spend 2.160123586654663 seconds
2019-10-22 09:17:13,180 - root - INFO - SUCCESS    Set wait all element display in 10 seconds, Spend 0.0060002803802490234 seconds
2019-10-22 09:17:13,222 - root - INFO - SUCCESS    Typed element name: <name->wd>, Spend 0.039002180099487305 seconds
2019-10-22 09:17:13,245 - root - INFO - SUCCESS    Typed element id: <id->kw>, Spend 0.02000117301940918 seconds
2019-10-22 09:17:13,268 - root - INFO - SUCCESS    Typed element class: <class->quickdelete>, Spend 0.02000117301940918 seconds
2019-10-22 09:17:13,302 - root - INFO - SUCCESS    Typed element xpaht: <xpath->//*[@id="kw"]>, Spend 0.031001567840576172 seconds
2019-10-22 09:17:13,324 - root - INFO - SUCCESS    Typed element xpath: <xpath->//*[@id="kw"]>, Spend 0.019001245498657227 seconds
2019-10-22 09:17:13,346 - root - INFO - SUCCESS    Typed element id: <id->kw>, Spend 0.019001007080078125 seconds
2019-10-22 09:17:13,371 - root - INFO - SUCCESS    Typed element id: <id->kw>, Spend 0.022001266479492188 seconds
2019-10-22 09:17:13,403 - root - INFO - SUCCESS    Set wait current element: <class->s_ipt> display in 5 seconds, Spend 0.029001474380493164 seconds
2019-10-22 09:17:13,424 - root - INFO - SUCCESS    Typed element class: <class->s_ipt>, Spend 0.018001079559326172 seconds
2019-10-22 09:17:13,853 - root - INFO - SUCCESS    Typed element: <class->s_ipt> content: 测试05, Spend 0.4470255374908447 seconds
2019-10-22 09:17:13,930 - root - INFO - SUCCESS    Set wait current element: <id->su> display in 5 seconds, Spend 0.0760042667388916 seconds
2019-10-22 09:17:13,997 - root - INFO - SUCCESS    Typed element id: <id->su>, Spend 0.06500387191772461 seconds
2019-10-22 09:17:14,407 - root - INFO - SUCCESS    Typed element id: <id->su>, Spend 0.09400534629821777 seconds
2019-10-22 09:17:14,563 - root - INFO - SUCCESS    Clicked element: <id->su>, Spend 0.25101447105407715 seconds
2019-10-22 09:17:14,586 - root - INFO - SUCCESS    Typed element class: <class->s_ipt>, Spend 0.021001338958740234 seconds
2019-10-22 09:17:15,498 - root - INFO - SUCCESS    Clear and send element: <class->s_ipt> content: 测试05, Spend 0.9320533275604248 seconds
2019-10-22 09:17:15,515 - root - INFO - SUCCESS    Typed element class: <class->s_ipt>, Spend 0.016000986099243164 seconds
2019-10-22 09:17:15,626 - root - INFO - SUCCESS    Clear element: <class->s_ipt>, Spend 0.12700724601745605 seconds
2019-10-22 09:17:15,631 - root - INFO - SUCCESS    Set wait all element display in 10 seconds, Spend 0.003000020980834961 seconds
2019-10-22 09:17:16,633 - root - INFO - SUCCESS    Navigated to https://www.baidu.com/, Spend 2.7741589546203613 seconds
2019-10-22 09:17:16,707 - root - INFO - SUCCESS    Typed element: <id->kw>, Spend 0.07200407981872559 seconds
2019-10-22 09:17:17,007 - root - INFO - SUCCESS    Navigated to https://www.baidu.com/, Spend 1.3560774326324463 seconds
2019-10-22 09:17:17,016 - root - INFO - SUCCESS    Set wait all element display in 10 seconds, Spend 0.007000446319580078 seconds
2019-10-22 09:17:17,051 - root - INFO - SUCCESS    Typed element name: <name->wd>, Spend 0.03200173377990723 seconds
2019-10-22 09:17:17,091 - root - INFO - SUCCESS    Typed element id: <id->kw>, Spend 0.039002180099487305 seconds
2019-10-22 09:17:17,094 - root - INFO - SUCCESS    Typed element: <id->kw> content: 测试01, Spend 0.4590263366699219 seconds
2019-10-22 09:17:17,118 - root - INFO - SUCCESS    Typed element class: <class->quickdelete>, Spend 0.02500152587890625 seconds
2019-10-22 09:17:17,142 - root - INFO - SUCCESS    Typed element: <id->su>, Spend 0.04600262641906738 seconds
2019-10-22 09:17:17,143 - root - INFO - SUCCESS    Typed element xpaht: <xpath->//*[@id="kw"]>, Spend 0.023001432418823242 seconds
2019-10-22 09:17:17,170 - root - INFO - SUCCESS    Typed element xpath: <xpath->//*[@id="kw"]>, Spend 0.02500152587890625 seconds
2019-10-22 09:17:17,201 - root - INFO - SUCCESS    Typed element id: <id->kw>, Spend 0.03000164031982422 seconds
2019-10-22 09:17:17,223 - root - INFO - SUCCESS    Typed element id: <id->kw>, Spend 0.02000117301940918 seconds
2019-10-22 09:17:17,256 - root - INFO - SUCCESS    Set wait current element: <class->s_ipt> display in 5 seconds, Spend 0.031001567840576172 seconds
2019-10-22 09:17:17,286 - root - INFO - SUCCESS    Typed element class: <class->s_ipt>, Spend 0.028001785278320312 seconds
2019-10-22 09:17:17,341 - root - INFO - SUCCESS    Clicked element: <id->su>, Spend 0.24501419067382812 seconds
2019-10-22 09:17:17,527 - root - INFO - SUCCESS    Typed element: <class->s_ipt> content: 测试05, Spend 0.2690155506134033 seconds
2019-10-22 09:17:17,543 - root - INFO - SUCCESS    Set wait current element: <id->su> display in 5 seconds, Spend 0.014000654220581055 seconds
2019-10-22 09:17:17,562 - root - INFO - SUCCESS    Typed element id: <id->su>, Spend 0.017000913619995117 seconds
2019-10-22 09:17:17,861 - root - INFO - SUCCESS    Typed element id: <id->su>, Spend 0.14700818061828613 seconds
2019-10-22 09:17:18,179 - root - INFO - SUCCESS    Clicked element: <id->su>, Spend 0.46402645111083984 seconds
2019-10-22 09:17:18,257 - root - INFO - SUCCESS    Typed element class: <class->s_ipt>, Spend 0.0760042667388916 seconds
2019-10-22 09:17:18,937 - root - INFO - SUCCESS    Clear and send element: <class->s_ipt> content: 测试05, Spend 0.7560431957244873 seconds
2019-10-22 09:17:18,954 - root - INFO - SUCCESS    Typed element class: <class->s_ipt>, Spend 0.01500082015991211 seconds
2019-10-22 09:17:19,172 - root - INFO - SUCCESS    Clear element: <class->s_ipt>, Spend 0.23301339149475098 seconds
2019-10-22 09:17:19,179 - root - INFO - SUCCESS    Set wait all element display in 10 seconds, Spend 0.004000186920166016 seconds
2019-10-22 09:17:32,453 - root - INFO - ###############################  END  ###############################
2019-10-22 09:17:36,139 - root - INFO - ############################### START ###############################
2019-10-22 09:17:36,908 - root - INFO - ############################### START ###############################
2019-10-22 09:17:38,085 - root - INFO - SUCCESS    Print current value: 111, Spend 0.0 seconds
2019-10-22 09:17:39,357 - root - INFO - SUCCESS    Navigated to https://www.baidu.com/, Spend 2.068118095397949 seconds
2019-10-22 09:17:40,615 - root - INFO - ###############################  END  ###############################
2019-10-22 09:17:41,392 - root - INFO - SUCCESS    Typed element linktext: <linktext->新闻>, Spend 0.03200197219848633 seconds
2019-10-22 09:17:41,403 - root - INFO - SUCCESS    Execute script focus element: linktext->新闻, Spend 0.04300236701965332 seconds
2019-10-22 09:17:41,425 - root - INFO - SUCCESS    Typed element id: <id->su>, Spend 0.019001007080078125 seconds
2019-10-22 09:17:41,436 - root - INFO - SUCCESS    Get attribute element: <id->su>,attribute: su, Spend 0.03000164031982422 seconds
2019-10-22 09:17:41,452 - root - INFO - SUCCESS    Typed element id: <id->su>, Spend 0.013000726699829102 seconds
2019-10-22 09:17:41,462 - root - INFO - SUCCESS    Get attribute element: <id->su>,attribute: 百度一下, Spend 0.023001432418823242 seconds
2019-10-22 09:17:44,173 - root - INFO - ###############################  END  ###############################
2019-10-22 09:17:47,653 - root - INFO - ############################### START ###############################
2019-10-22 09:17:48,864 - root - INFO - SUCCESS    Print current value: 111, Spend 0.0 seconds
2019-10-22 09:17:51,466 - root - INFO - ###############################  END  ###############################
2019-10-22 09:17:52,461 - root - INFO - ############################### START ###############################
2019-10-22 09:17:53,605 - root - INFO - SUCCESS    Print current value: 111, Spend 0.0 seconds
2019-10-22 09:17:56,203 - root - INFO - ###############################  END  ###############################
2019-10-22 09:18:11,980 - root - INFO - ############################### START ###############################
2019-10-22 09:18:15,951 - root - INFO - SUCCESS    Navigated to https://www.baidu.com/, Spend 2.7941596508026123 seconds
2019-10-22 09:18:15,977 - root - INFO - SUCCESS    Typed element: <id->kw>, Spend 0.023001432418823242 seconds
2019-10-22 09:18:16,128 - root - INFO - SUCCESS    Typed element: <id->kw> content: 测试01, Spend 0.1740100383758545 seconds
2019-10-22 09:18:16,150 - root - INFO - SUCCESS    Typed element: <id->su>, Spend 0.02000117301940918 seconds
2019-10-22 09:18:16,256 - root - INFO - SUCCESS    Clicked element: <id->su>, Spend 0.12500715255737305 seconds
2019-10-22 09:18:21,126 - root - INFO - SUCCESS    Navigated to https://www.baidu.com/, Spend 0.8490486145019531 seconds
2019-10-22 09:18:21,153 - root - INFO - FAIL       Unable to send element: <id->w> content: 测试02, Spend 0.02500152587890625 seconds
2019-10-22 09:18:21,558 - root - INFO - SUCCESS    Navigated to https://www.baidu.com/, Spend 0.3950226306915283 seconds
2019-10-22 09:18:21,577 - root - INFO - SUCCESS    Typed element: <id->kw>, Spend 0.017000913619995117 seconds
2019-10-22 09:18:21,715 - root - INFO - SUCCESS    Typed element: <id->kw> content: 测试03, Spend 0.15500879287719727 seconds
2019-10-22 09:18:21,730 - root - INFO - SUCCESS    Typed element: <id->su>, Spend 0.012000799179077148 seconds
2019-10-22 09:18:21,837 - root - INFO - SUCCESS    Clicked element: <id->su>, Spend 0.11900711059570312 seconds
2019-10-22 09:18:24,223 - root - INFO - ###############################  END  ###############################
2019-10-22 09:18:27,635 - root - INFO - ############################### START ###############################
2019-10-22 09:18:35,972 - root - INFO - ###############################  END  ###############################
2019-10-22 09:18:35,973 - root - INFO - ############################### START ###############################
2019-10-22 09:18:42,178 - root - INFO - SUCCESS    Navigated to https://www.baidu.com/, Spend 2.3651351928710938 seconds
2019-10-22 09:18:42,217 - root - INFO - SUCCESS    Typed element: <id->kw>, Spend 0.029001712799072266 seconds
2019-10-22 09:18:42,458 - root - INFO - SUCCESS    Typed element: <id->kw> content: 测试03, Spend 0.2700154781341553 seconds
2019-10-22 09:18:42,459 - root - INFO - FAIL       Unable to click element: <id-su>, Spend 0.0 seconds
2019-10-22 09:18:45,023 - root - INFO - ###############################  END  ###############################
2019-10-22 09:18:48,506 - root - INFO - ############################### START ###############################
2019-10-22 09:18:51,193 - root - INFO - SUCCESS    Navigated to https://www.baidu.com/, Spend 1.5390880107879639 seconds
2019-10-22 09:18:51,223 - root - INFO - SUCCESS    Typed element: <id->kw>, Spend 0.029001712799072266 seconds
2019-10-22 09:18:51,407 - root - INFO - SUCCESS    Typed element: <id->kw> content: 测试04, Spend 0.21201229095458984 seconds
2019-10-22 09:18:51,428 - root - INFO - SUCCESS    Typed element: <id->su>, Spend 0.019001007080078125 seconds
2019-10-22 09:18:51,567 - root - INFO - SUCCESS    Clicked element: <id->su>, Spend 0.15800881385803223 seconds
2019-10-22 09:18:59,006 - root - INFO - ###############################  END  ###############################
2019-10-22 09:19:03,425 - root - INFO - ############################### START ###############################
2019-10-22 09:19:06,687 - root - INFO - SUCCESS    Navigated to https://www.baidu.com/, Spend 2.0921196937561035 seconds
2019-10-22 09:19:06,689 - root - INFO - SUCCESS    Set wait all element display in 10 seconds, Spend 0.002000093460083008 seconds
2019-10-22 09:19:06,726 - root - INFO - SUCCESS    Typed element name: <name->wd>, Spend 0.03500199317932129 seconds
2019-10-22 09:19:06,748 - root - INFO - SUCCESS    Typed element id: <id->kw>, Spend 0.021001338958740234 seconds
2019-10-22 09:19:06,766 - root - INFO - SUCCESS    Typed element class: <class->quickdelete>, Spend 0.016000986099243164 seconds
2019-10-22 09:19:06,785 - root - INFO - SUCCESS    Typed element xpaht: <xpath->//*[@id="kw"]>, Spend 0.01700115203857422 seconds
2019-10-22 09:19:06,798 - root - INFO - SUCCESS    Typed element xpath: <xpath->//*[@id="kw"]>, Spend 0.012000560760498047 seconds
2019-10-22 09:19:06,811 - root - INFO - SUCCESS    Typed element id: <id->kw>, Spend 0.013000965118408203 seconds
2019-10-22 09:19:06,825 - root - INFO - SUCCESS    Typed element id: <id->kw>, Spend 0.012000799179077148 seconds
2019-10-22 09:19:06,843 - root - INFO - SUCCESS    Set wait current element: <class->s_ipt> display in 5 seconds, Spend 0.01700115203857422 seconds
2019-10-22 09:19:06,856 - root - INFO - SUCCESS    Typed element class: <class->s_ipt>, Spend 0.013000726699829102 seconds
2019-10-22 09:19:07,024 - root - INFO - SUCCESS    Typed element: <class->s_ipt> content: 测试05, Spend 0.18001008033752441 seconds
2019-10-22 09:19:07,043 - root - INFO - SUCCESS    Set wait current element: <id->su> display in 5 seconds, Spend 0.017000913619995117 seconds
2019-10-22 09:19:07,057 - root - INFO - SUCCESS    Typed element id: <id->su>, Spend 0.012000799179077148 seconds
2019-10-22 09:19:07,172 - root - INFO - SUCCESS    Typed element id: <id->su>, Spend 0.016000747680664062 seconds
2019-10-22 09:19:07,228 - root - INFO - SUCCESS    Clicked element: <id->su>, Spend 0.07100415229797363 seconds
2019-10-22 09:19:07,247 - root - INFO - SUCCESS    Typed element class: <class->s_ipt>, Spend 0.016000986099243164 seconds
2019-10-22 09:19:07,422 - root - INFO - SUCCESS    Clear and send element: <class->s_ipt> content: 测试05, Spend 0.1910107135772705 seconds
2019-10-22 09:19:07,437 - root - INFO - SUCCESS    Typed element class: <class->s_ipt>, Spend 0.01300048828125 seconds
2019-10-22 09:19:07,930 - root - INFO - SUCCESS    Clear element: <class->s_ipt>, Spend 0.5060288906097412 seconds
2019-10-22 09:19:07,934 - root - INFO - SUCCESS    Set wait all element display in 10 seconds, Spend 0.0019998550415039062 seconds
2019-10-22 09:19:10,190 - root - INFO - SUCCESS    Navigated to https://www.baidu.com/, Spend 2.2371277809143066 seconds
2019-10-22 09:19:10,193 - root - INFO - SUCCESS    Set wait all element display in 10 seconds, Spend 0.002000093460083008 seconds
2019-10-22 09:19:10,213 - root - INFO - SUCCESS    Typed element name: <name->wd>, Spend 0.01800084114074707 seconds
2019-10-22 09:19:10,229 - root - INFO - SUCCESS    Typed element id: <id->kw>, Spend 0.01500082015991211 seconds
2019-10-22 09:19:10,244 - root - INFO - SUCCESS    Typed element class: <class->quickdelete>, Spend 0.014000654220581055 seconds
2019-10-22 09:19:10,259 - root - INFO - SUCCESS    Typed element xpaht: <xpath->//*[@id="kw"]>, Spend 0.013000726699829102 seconds
2019-10-22 09:19:10,273 - root - INFO - SUCCESS    Typed element xpath: <xpath->//*[@id="kw"]>, Spend 0.013000965118408203 seconds
2019-10-22 09:19:10,286 - root - INFO - SUCCESS    Typed element id: <id->kw>, Spend 0.013000726699829102 seconds
2019-10-22 09:19:10,301 - root - INFO - SUCCESS    Typed element id: <id->kw>, Spend 0.013000726699829102 seconds
2019-10-22 09:19:10,316 - root - INFO - SUCCESS    Set wait current element: <class->s_ipt> display in 5 seconds, Spend 0.014000654220581055 seconds
2019-10-22 09:19:10,330 - root - INFO - SUCCESS    Typed element class: <class->s_ipt>, Spend 0.012000560760498047 seconds
2019-10-22 09:19:10,444 - root - INFO - SUCCESS    Typed element: <class->s_ipt> content: 测试05, Spend 0.1260073184967041 seconds
2019-10-22 09:19:10,460 - root - INFO - SUCCESS    Set wait current element: <id->su> display in 5 seconds, Spend 0.014000654220581055 seconds
2019-10-22 09:19:10,474 - root - INFO - SUCCESS    Typed element id: <id->su>, Spend 0.01300048828125 seconds
2019-10-22 09:19:10,586 - root - INFO - SUCCESS    Typed element id: <id->su>, Spend 0.017000913619995117 seconds
2019-10-22 09:19:10,651 - root - INFO - SUCCESS    Clicked element: <id->su>, Spend 0.08200478553771973 seconds
2019-10-22 09:19:10,668 - root - INFO - SUCCESS    Typed element class: <class->s_ipt>, Spend 0.015001058578491211 seconds
2019-10-22 09:19:10,846 - root - INFO - SUCCESS    Clear and send element: <class->s_ipt> content: 测试05, Spend 0.19301128387451172 seconds
2019-10-22 09:19:10,861 - root - INFO - SUCCESS    Typed element class: <class->s_ipt>, Spend 0.013000726699829102 seconds
2019-10-22 09:19:10,939 - root - INFO - SUCCESS    Clear element: <class->s_ipt>, Spend 0.09100508689880371 seconds
2019-10-22 09:19:10,943 - root - INFO - SUCCESS    Set wait all element display in 10 seconds, Spend 0.002000093460083008 seconds
2019-10-22 09:19:18,435 - root - INFO - ###############################  END  ###############################
2019-10-22 09:19:22,012 - root - INFO - ############################### START ###############################
2019-10-22 09:19:25,244 - root - INFO - SUCCESS    Navigated to https://www.baidu.com/, Spend 2.0901193618774414 seconds
2019-10-22 09:19:27,279 - root - INFO - SUCCESS    Typed element linktext: <linktext->新闻>, Spend 0.031001806259155273 seconds
2019-10-22 09:19:27,289 - root - INFO - SUCCESS    Execute script focus element: linktext->新闻, Spend 0.04200243949890137 seconds
2019-10-22 09:19:27,311 - root - INFO - SUCCESS    Typed element id: <id->su>, Spend 0.021001100540161133 seconds
2019-10-22 09:19:27,323 - root - INFO - SUCCESS    Get attribute element: <id->su>,attribute: su, Spend 0.03200173377990723 seconds
2019-10-22 09:19:27,339 - root - INFO - SUCCESS    Typed element id: <id->su>, Spend 0.014000892639160156 seconds
2019-10-22 09:19:27,350 - root - INFO - SUCCESS    Get attribute element: <id->su>,attribute: 百度一下, Spend 0.026001691818237305 seconds
2019-10-22 09:19:29,788 - root - INFO - ###############################  END  ###############################
2019-10-22 09:19:33,169 - root - INFO - ############################### START ###############################
2019-10-22 09:19:34,312 - root - INFO - SUCCESS    Print current value: 111, Spend 0.0 seconds
2019-10-22 09:19:36,736 - root - INFO - ###############################  END  ###############################
2019-10-22 09:20:18,231 - root - INFO - ############################### START ###############################
2019-10-22 09:20:19,407 - root - INFO - SUCCESS    Print current value: 111, Spend 0.0 seconds
2019-10-22 09:20:21,888 - root - INFO - ###############################  END  ###############################
2019-10-22 09:20:52,966 - root - INFO - ############################### START ###############################
2019-10-22 09:20:54,114 - root - INFO - SUCCESS    Print current value: ll, Spend 0.0 seconds
2019-10-22 09:20:56,551 - root - INFO - ###############################  END  ###############################
2019-10-22 09:22:57,055 - root - INFO - ############################### START ###############################
2019-10-22 09:22:58,212 - root - INFO - FAIL       Unable to load http://www.taobao.com, Spend 0.0 seconds
2019-10-22 09:23:00,743 - root - INFO - ###############################  END  ###############################
2019-10-22 09:26:04,337 - root - INFO - ############################### START ###############################
2019-10-22 09:26:07,858 - root - INFO - ###############################  END  ###############################
2019-10-22 09:26:21,298 - root - INFO - ############################### START ###############################
2019-10-22 09:26:24,899 - root - INFO - ###############################  END  ###############################
2019-10-22 09:26:43,758 - root - INFO - ############################### START ###############################
2019-10-22 09:26:54,171 - root - INFO - SUCCESS    Navigated to http://www.taobao.com, Spend 9.25252914428711 seconds
2019-10-22 09:26:54,172 - root - INFO - SUCCESS    Print current value: ll, Spend 0.0 seconds
2019-10-22 09:26:56,594 - root - INFO - ###############################  END  ###############################
2019-10-22 10:23:12,653 - root - INFO - ############################### START ###############################
2019-10-22 10:23:16,802 - root - INFO - ###############################  END  ###############################
2019-10-22 10:23:32,634 - root - INFO - ############################### START ###############################
2019-10-22 10:23:36,487 - root - INFO - ###############################  END  ###############################
2019-10-22 10:39:40,019 - root - INFO - ############################### START ###############################
2019-10-22 10:39:55,741 - root - INFO - SUCCESS    Navigated to https://www.taobao.com, Spend 11.326647758483887 seconds
2019-10-22 10:40:04,413 - root - INFO - ###############################  END  ###############################
2019-10-22 10:41:24,720 - root - INFO - ############################### START ###############################
2019-10-22 10:41:35,535 - root - INFO - SUCCESS    Navigated to https://www.taobao.com, Spend 6.889394044876099 seconds
2019-10-22 10:41:43,976 - root - INFO - ###############################  END  ###############################
2019-10-22 10:43:17,714 - root - INFO - ############################### START ###############################
2019-10-22 10:43:31,115 - root - INFO - SUCCESS    Navigated to https://www.taobao.com, Spend 9.559546709060669 seconds
2019-10-22 10:43:39,556 - root - INFO - ###############################  END  ###############################
2019-10-22 10:46:48,396 - root - INFO - ############################### START ###############################
2019-10-22 10:49:53,652 - root - INFO - ############################### START ###############################
2019-10-22 10:50:24,766 - root - INFO - ############################### START ###############################
2019-10-22 10:50:25,951 - root - INFO - FAIL       Unable to load https://www.taobao.com, Spend 0.0 seconds
2019-10-22 10:50:29,140 - root - INFO - ###############################  END  ###############################
2019-10-22 10:50:49,368 - root - INFO - ############################### START ###############################
2019-10-22 10:50:54,911 - root - INFO - ###############################  END  ###############################
2019-10-22 10:54:37,813 - root - INFO - ############################### START ###############################
2019-10-22 10:54:52,001 - root - INFO - SUCCESS    Navigated to https://www.taobao.com, Spend 9.45154070854187 seconds
2019-10-22 10:55:04,206 - root - INFO - ###############################  END  ###############################
2019-10-22 10:56:41,022 - root - INFO - SUCCESS    Navigated to https://www.taobao.com, Spend 14.824847936630249 seconds
2019-10-22 10:57:25,704 - root - INFO - FAIL       Unable to load https://www.taobao.com, Spend 0.0 seconds
2019-10-22 10:57:47,258 - root - INFO - SUCCESS    Navigated to https://www.taobao.com, Spend 3.7352135181427 seconds
2019-10-22 11:04:24,937 - root - INFO - SUCCESS    Navigated to https://www.taobao.com, Spend 13.081748247146606 seconds
2019-10-22 11:06:10,680 - root - INFO - ############################### START ###############################
2019-10-22 11:06:11,890 - root - INFO - FAIL       Unable to load https://www.taobao.com, Spend 0.0 seconds
2019-10-22 11:07:13,870 - root - INFO - ############################### START ###############################
2019-10-22 11:07:45,419 - root - INFO - SUCCESS    Navigated to https://www.taobao.com, Spend 18.571062326431274 seconds
2019-10-22 11:14:30,477 - root - INFO - ############################### START ###############################
2019-10-22 11:14:38,651 - root - INFO - FAIL       Unable to load https://www.taobao.com, Spend 0.0 seconds
2019-10-22 11:16:05,576 - root - INFO - ############################### START ###############################
2019-10-22 11:16:19,597 - root - INFO - SUCCESS    Navigated to https://www.taobao.com, Spend 9.298531770706177 seconds
2019-10-22 11:17:13,261 - root - INFO - ############################### START ###############################
2019-10-22 11:17:23,623 - root - INFO - FAIL       Unable to load https://www.taobao.com, Spend 0.0 seconds
2019-10-22 11:18:11,568 - root - INFO - ############################### START ###############################
2019-10-22 11:18:27,539 - root - INFO - SUCCESS    Navigated to https://www.taobao.com, Spend 12.031688213348389 seconds
2019-10-22 11:19:13,357 - root - INFO - ############################### START ###############################
2019-10-22 11:19:25,204 - root - INFO - ############################### START ###############################
2019-10-22 11:19:39,536 - root - INFO - SUCCESS    Navigated to https://www.taobao.com, Spend 8.65249490737915 seconds
2019-10-22 11:20:02,477 - root - INFO - ############################### START ###############################
2019-10-22 11:21:37,524 - root - INFO - ############################### START ###############################
2019-10-22 11:21:42,213 - root - INFO - ###############################  END  ###############################
2019-10-22 11:22:06,059 - root - INFO - SUCCESS    Navigated to https://www.taobao.com, Spend 20.087149143218994 seconds
2019-10-22 11:32:41,521 - root - INFO - ############################### START ###############################
2019-10-22 11:32:53,860 - root - INFO - SUCCESS    Navigated to https://www.taobao.com, Spend 6.349363088607788 seconds
2019-10-22 11:34:19,191 - root - INFO - ############################### START ###############################
2019-10-22 11:34:30,215 - root - INFO - SUCCESS    Navigated to https://www.taobao.com, Spend 7.049403190612793 seconds
2019-10-22 11:35:30,612 - root - INFO - ############################### START ###############################
2019-10-22 11:35:32,234 - root - INFO - FAIL       Unable to load https://www.taobao.com, Spend 0.0 seconds
2019-10-22 11:35:35,693 - root - INFO - ###############################  END  ###############################
2019-10-22 11:35:49,106 - root - INFO - SUCCESS    Navigated to https://www.taobao.com, Spend 6.818390130996704 seconds
2019-10-22 11:43:32,552 - root - INFO - SUCCESS    Navigated to https://www.taobao.com, Spend 7.016401290893555 seconds
2019-10-22 11:44:23,087 - root - INFO - ############################### START ###############################
2019-10-22 11:44:38,535 - root - INFO - SUCCESS    Navigated to https://www.taobao.com, Spend 8.989514112472534 seconds
2019-10-22 13:39:21,315 - root - INFO - ############################### START ###############################
2019-10-22 13:39:22,487 - root - INFO - FAIL       Unable to load https://www.taobao.com, Spend 0.0 seconds
2019-10-22 13:39:25,337 - root - INFO - ###############################  END  ###############################
2019-10-22 13:39:36,311 - root - INFO - FAIL       Unable to load https://www.taobao.com, Spend 5.259300708770752 seconds
2019-10-22 13:40:51,925 - root - INFO - ############################### START ###############################
2019-10-22 13:40:56,913 - root - INFO - SUCCESS    Navigated to https://www.taobao.com, Spend 3.7402141094207764 seconds
2019-10-22 13:41:03,086 - root - INFO - ###############################  END  ###############################
2019-10-22 13:41:17,198 - root - INFO - SUCCESS    Navigated to https://www.taobao.com, Spend 5.594319820404053 seconds
2019-10-22 13:42:01,136 - root - INFO - ############################### START ###############################
2019-10-22 13:42:12,316 - root - INFO - SUCCESS    Navigated to https://www.taobao.com, Spend 9.971570253372192 seconds
2019-10-22 13:42:18,131 - root - INFO - ###############################  END  ###############################
2019-10-22 13:45:37,565 - root - INFO - ############################### START ###############################
2019-10-22 13:45:42,340 - root - INFO - SUCCESS    Navigated to https://www.taobao.com, Spend 3.332190752029419 seconds
2019-10-22 13:45:45,034 - root - INFO - SUCCESS    Typed element name: <name->q>, Spend 0.6920394897460938 seconds
2019-10-22 13:45:47,676 - root - INFO - SUCCESS    Typed element: <name->q> content: selenium, Spend 3.333190679550171 seconds
2019-10-22 13:45:53,888 - root - INFO - ###############################  END  ###############################
2019-10-22 13:47:17,123 - root - INFO - ############################### START ###############################
2019-10-22 13:47:22,338 - root - INFO - SUCCESS    Navigated to https://www.taobao.com, Spend 4.03523063659668 seconds
2019-10-22 13:47:25,945 - root - INFO - SUCCESS    Typed element name: <name->q>, Spend 1.6050918102264404 seconds
2019-10-22 13:47:27,009 - root - INFO - SUCCESS    Typed element: <name->q> content: selenium, Spend 2.6691527366638184 seconds
2019-10-22 13:47:33,008 - root - INFO - ###############################  END  ###############################
2019-10-22 13:48:44,550 - root - INFO - ############################### START ###############################
2019-10-22 13:48:51,449 - root - INFO - SUCCESS    Navigated to https://www.taobao.com, Spend 5.747328758239746 seconds
2019-10-22 13:48:53,595 - root - INFO - SUCCESS    Typed element name: <name->q>, Spend 0.14300823211669922 seconds
2019-10-22 13:48:54,127 - root - INFO - SUCCESS    Typed element: <name->q> content: selenium, Spend 0.6750388145446777 seconds
2019-10-22 13:48:57,127 - root - INFO - SUCCESS    Print current value: 测试通过！！！, Spend 0.0 seconds
2019-10-22 13:49:00,245 - root - INFO - ###############################  END  ###############################
2019-10-22 13:54:03,960 - root - INFO - ############################### START ###############################
2019-10-22 13:54:09,487 - root - INFO - SUCCESS    Navigated to https://www.taobao.com, Spend 4.385250806808472 seconds
2019-10-22 13:54:11,525 - root - INFO - SUCCESS    Typed element name: <name->q>, Spend 0.03500199317932129 seconds
2019-10-22 13:54:11,783 - root - INFO - SUCCESS    Typed element: <name->q> content: selenium, Spend 0.2930169105529785 seconds
2019-10-22 13:54:14,785 - root - INFO - SUCCESS    Print current value: 测试通过！！！, Spend 0.0 seconds
2019-10-22 13:54:17,827 - root - INFO - ###############################  END  ###############################
2019-10-22 13:55:13,325 - root - INFO - ############################### START ###############################
2019-10-22 13:55:17,020 - root - INFO - SUCCESS    Navigated to https://www.taobao.com, Spend 2.504142999649048 seconds
2019-10-22 13:55:19,308 - root - INFO - SUCCESS    Typed element name: <name->q>, Spend 0.2830162048339844 seconds
2019-10-22 13:55:20,952 - root - INFO - SUCCESS    Typed element: <name->q> content: selenium, Spend 1.927110195159912 seconds
2019-10-22 13:55:23,964 - root - INFO - SUCCESS    Print current value: 淘宝网 - 淘！我喜欢, Spend 0.0 seconds
2019-10-22 13:55:27,095 - root - INFO - ###############################  END  ###############################
2019-10-22 13:57:56,825 - root - INFO - ############################### START ###############################
2019-10-22 13:58:01,412 - root - INFO - SUCCESS    Navigated to https://www.taobao.com, Spend 3.4251956939697266 seconds
2019-10-22 13:58:03,441 - root - INFO - SUCCESS    Typed element name: <name->q>, Spend 0.027001619338989258 seconds
2019-10-22 13:58:03,582 - root - INFO - SUCCESS    Typed element: <name->q> content: selenium, Spend 0.16800951957702637 seconds
2019-10-22 13:58:06,605 - root - INFO - SUCCESS    Print current value: 淘宝网 - 淘！我喜欢, Spend 0.0 seconds
2019-10-22 13:58:11,775 - root - INFO - ###############################  END  ###############################
2019-10-22 13:59:48,149 - root - INFO - ############################### START ###############################
2019-10-22 13:59:51,713 - root - INFO - SUCCESS    Navigated to https://www.taobao.com, Spend 2.2391281127929688 seconds
2019-10-22 13:59:54,053 - root - INFO - SUCCESS    Typed element name: <name->q>, Spend 0.3390192985534668 seconds
2019-10-22 13:59:54,191 - root - INFO - SUCCESS    Typed element: <name->q> content: selenium, Spend 0.47702741622924805 seconds
2019-10-22 14:00:00,576 - root - INFO - ###############################  END  ###############################
